#
# There is insufficient memory for the Java Runtime Environment to continue.
# Native memory allocation (malloc) failed to allocate 32744 bytes for ChunkPool::allocate
# Possible reasons:
#   The system is out of physical RAM or swap space
#   In 32 bit mode, the process size limit was hit
# Possible solutions:
#   Reduce memory load on the system
#   Increase physical memory or swap space
#   Check if swap backing store is full
#   Use 64 bit Java on a 64 bit OS
#   Decrease Java heap size (-Xmx/-Xms)
#   Decrease number of Java threads
#   Decrease Java thread stack sizes (-Xss)
#   Set larger code cache with -XX:ReservedCodeCacheSize=
# This output file may be truncated or incomplete.
#
#  Out of Memory Error (allocation.cpp:273), pid=3360, tid=0x0000000000000fdc
#
# JRE version: Java(TM) SE Runtime Environment (8.0_121-b13) (build 1.8.0_121-b13)
# Java VM: Java HotSpot(TM) 64-Bit Server VM (25.121-b13 mixed mode windows-amd64 compressed oops)
# Failed to write core dump. Minidumps are not enabled by default on client versions of Windows
#

---------------  T H R E A D  ---------------

Current thread (0x0000000014a9a000):  JavaThread "C1 CompilerThread2" daemon [_thread_in_native, id=4060, stack(0x0000000016280000,0x0000000016380000)]

Stack: [0x0000000016280000,0x0000000016380000]
[error occurred during error reporting (printing stack bounds), id 0xc0000005]

Native frames: (J=compiled Java code, j=interpreted, Vv=VM code, C=native code)


Current CompileTask:
C1:  18175  456   !   3       java.awt.Container::getMouseEventTargetImpl (255 bytes)


---------------  P R O C E S S  ---------------

Java Threads: ( => current thread )
  0x00000000022d0800 JavaThread "DestroyJavaVM" [_thread_blocked, id=11276, stack(0x0000000002170000,0x0000000002270000)]
  0x0000000016764800 JavaThread "AWT-EventQueue-0" [_thread_blocked, id=12696, stack(0x0000000017d30000,0x0000000017e30000)]
  0x0000000016746000 JavaThread "AWT-Windows" daemon [_thread_in_native, id=4144, stack(0x0000000017820000,0x0000000017920000)]
  0x0000000016742000 JavaThread "AWT-Shutdown" [_thread_blocked, id=2740, stack(0x0000000017720000,0x0000000017820000)]
  0x0000000016740800 JavaThread "Java2D Disposer" daemon [_thread_blocked, id=11404, stack(0x0000000017260000,0x0000000017360000)]
  0x0000000014a9c800 JavaThread "Service Thread" daemon [_thread_blocked, id=10968, stack(0x0000000016780000,0x0000000016880000)]
=>0x0000000014a9a000 JavaThread "C1 CompilerThread2" daemon [_thread_in_native, id=4060, stack(0x0000000016280000,0x0000000016380000)]
  0x0000000014a7a800 JavaThread "C2 CompilerThread1" daemon [_thread_blocked, id=6520, stack(0x0000000016180000,0x0000000016280000)]
  0x0000000014a47800 JavaThread "C2 CompilerThread0" daemon [_thread_in_native, id=6540, stack(0x0000000016080000,0x0000000016180000)]
  0x0000000014a46000 JavaThread "Attach Listener" daemon [_thread_blocked, id=7524, stack(0x0000000015f80000,0x0000000016080000)]
  0x0000000014a44800 JavaThread "Signal Dispatcher" daemon [_thread_blocked, id=11308, stack(0x0000000015e80000,0x0000000015f80000)]
  0x0000000014a2a800 JavaThread "Finalizer" daemon [_thread_blocked, id=13236, stack(0x0000000015ca0000,0x0000000015da0000)]
  0x0000000014a09000 JavaThread "Reference Handler" daemon [_thread_blocked, id=12504, stack(0x0000000015ba0000,0x0000000015ca0000)]

Other Threads:
  0x0000000014a07800 VMThread [stack: 0x0000000015aa0000,0x0000000015ba0000] [id=13108]
  0x0000000016388000 WatcherThread [stack: 0x0000000016880000,0x0000000016980000] [id=7208]

VM state:not at safepoint (normal execution)

VM Mutex/Monitor currently owned by a thread: None

Heap:
 PSYoungGen      total 18432K, used 1270K [0x00000000eb580000, 0x00000000eca00000, 0x0000000100000000)
  eden space 15872K, 8% used [0x00000000eb580000,0x00000000eb6bd820,0x00000000ec500000)
  from space 2560K, 0% used [0x00000000ec500000,0x00000000ec500000,0x00000000ec780000)
  to   space 2560K, 0% used [0x00000000ec780000,0x00000000ec780000,0x00000000eca00000)
 ParOldGen       total 31744K, used 2082K [0x00000000c2000000, 0x00000000c3f00000, 0x00000000eb580000)
  object space 31744K, 6% used [0x00000000c2000000,0x00000000c2208928,0x00000000c3f00000)
 Metaspace       used 8855K, capacity 9004K, committed 9088K, reserved 1060864K
  class space    used 1063K, capacity 1124K, committed 1152K, reserved 1048576K

Card table byte_map: [0x0000000011860000,0x0000000011a60000] byte_map_base: 0x0000000011250000

Marking Bits: (ParMarkBitMap*) 0x000000006e73b6d0
 Begin Bits: [0x0000000011fb0000, 0x0000000012f30000)
 End Bits:   [0x0000000012f30000, 0x0000000013eb0000)

Polling page: 0x0000000000940000

CodeCache: size=245760Kb used=1965Kb max_used=1965Kb free=243794Kb
 bounds [0x00000000024a0000, 0x0000000002710000, 0x00000000114a0000]
 total_blobs=899 nmethods=454 adapters=358
 compilation: enabled

Compilation events (10 events):
Event: 17.554 Thread 0x0000000014a9a000  450       3       java.security.AccessControlContext::<init> (30 bytes)
Event: 17.554 Thread 0x0000000014a9a000 nmethod 450 0x0000000002689b50 code [0x0000000002689ca0, 0x0000000002689e90]
Event: 17.604 Thread 0x0000000014a9a000  451       3       java.awt.Container::getChildAt (54 bytes)
Event: 17.605 Thread 0x0000000014a9a000 nmethod 451 0x0000000002689f50 code [0x000000000268a0e0, 0x000000000268a6d8]
Event: 17.610 Thread 0x0000000014a9a000  452       3       java.util.ArrayList::iterator (10 bytes)
Event: 17.611 Thread 0x0000000014a9a000 nmethod 452 0x000000000268a850 code [0x000000000268a9c0, 0x000000000268acb0]
Event: 17.723 Thread 0x0000000014a9a000  453       3       java.awt.geom.Point2D::<init> (5 bytes)
Event: 17.724 Thread 0x0000000014a9a000 nmethod 453 0x000000000268ae10 code [0x000000000268af60, 0x000000000268b110]
Event: 17.745 Thread 0x0000000014a9a000  456   !   3       java.awt.Container::getMouseEventTargetImpl (255 bytes)
Event: 17.746 Thread 0x0000000014a47800  457       4       java.util.HashMap::getNode (148 bytes)

GC Heap History (4 events):
Event: 1.545 GC heap before
{Heap before GC invocations=1 (full 0):
 PSYoungGen      total 18432K, used 5309K [0x00000000eb580000, 0x00000000eca00000, 0x0000000100000000)
  eden space 15872K, 33% used [0x00000000eb580000,0x00000000ebaaf498,0x00000000ec500000)
  from space 2560K, 0% used [0x00000000ec780000,0x00000000ec780000,0x00000000eca00000)
  to   space 2560K, 0% used [0x00000000ec500000,0x00000000ec500000,0x00000000ec780000)
 ParOldGen       total 42496K, used 0K [0x00000000c2000000, 0x00000000c4980000, 0x00000000eb580000)
  object space 42496K, 0% used [0x00000000c2000000,0x00000000c2000000,0x00000000c4980000)
 Metaspace       used 8312K, capacity 8424K, committed 8576K, reserved 1062912K
  class space    used 993K, capacity 1060K, committed 1152K, reserved 1048576K
Event: 1.552 GC heap after
Heap after GC invocations=1 (full 0):
 PSYoungGen      total 18432K, used 2172K [0x00000000eb580000, 0x00000000eca00000, 0x0000000100000000)
  eden space 15872K, 0% used [0x00000000eb580000,0x00000000eb580000,0x00000000ec500000)
  from space 2560K, 84% used [0x00000000ec500000,0x00000000ec71f368,0x00000000ec780000)
  to   space 2560K, 0% used [0x00000000ec780000,0x00000000ec780000,0x00000000eca00000)
 ParOldGen       total 42496K, used 8K [0x00000000c2000000, 0x00000000c4980000, 0x00000000eb580000)
  object space 42496K, 0% used [0x00000000c2000000,0x00000000c2002000,0x00000000c4980000)
 Metaspace       used 8312K, capacity 8424K, committed 8576K, reserved 1062912K
  class space    used 993K, capacity 1060K, committed 1152K, reserved 1048576K
}
Event: 1.553 GC heap before
{Heap before GC invocations=2 (full 1):
 PSYoungGen      total 18432K, used 2172K [0x00000000eb580000, 0x00000000eca00000, 0x0000000100000000)
  eden space 15872K, 0% used [0x00000000eb580000,0x00000000eb580000,0x00000000ec500000)
  from space 2560K, 84% used [0x00000000ec500000,0x00000000ec71f368,0x00000000ec780000)
  to   space 2560K, 0% used [0x00000000ec780000,0x00000000ec780000,0x00000000eca00000)
 ParOldGen       total 42496K, used 8K [0x00000000c2000000, 0x00000000c4980000, 0x00000000eb580000)
  object space 42496K, 0% used [0x00000000c2000000,0x00000000c2002000,0x00000000c4980000)
 Metaspace       used 8312K, capacity 8424K, committed 8576K, reserved 1062912K
  class space    used 993K, capacity 1060K, committed 1152K, reserved 1048576K
Event: 1.582 GC heap after
Heap after GC invocations=2 (full 1):
 PSYoungGen      total 18432K, used 0K [0x00000000eb580000, 0x00000000eca00000, 0x0000000100000000)
  eden space 15872K, 0% used [0x00000000eb580000,0x00000000eb580000,0x00000000ec500000)
  from space 2560K, 0% used [0x00000000ec500000,0x00000000ec500000,0x00000000ec780000)
  to   space 2560K, 0% used [0x00000000ec780000,0x00000000ec780000,0x00000000eca00000)
 ParOldGen       total 31744K, used 2082K [0x00000000c2000000, 0x00000000c3f00000, 0x00000000eb580000)
  object space 31744K, 6% used [0x00000000c2000000,0x00000000c2208928,0x00000000c3f00000)
 Metaspace       used 8312K, capacity 8424K, committed 8576K, reserved 1060864K
  class space    used 993K, capacity 1060K, committed 1152K, reserved 1048576K
}

Deoptimization events (0 events):
No events

Internal exceptions (10 events):
Event: 0.357 Thread 0x00000000022d0800 Exception <a 'java/lang/NoSuchMethodError': Method sun.misc.Unsafe.defineClass(Ljava/lang/String;[BII)Ljava/lang/Class; name or signature does not match> (0x00000000eb587ca8) thrown at [C:\re\workspace\8-2-build-windows-amd64-cygwin\jdk8u121\8372\hotspot\
Event: 0.357 Thread 0x00000000022d0800 Exception <a 'java/lang/NoSuchMethodError': Method sun.misc.Unsafe.prefetchRead(Ljava/lang/Object;J)V name or signature does not match> (0x00000000eb587f90) thrown at [C:\re\workspace\8-2-build-windows-amd64-cygwin\jdk8u121\8372\hotspot\src\share\vm\prims
Event: 0.814 Thread 0x00000000022d0800 Exception <a 'java/security/PrivilegedActionException'> (0x00000000eb611eb0) thrown at [C:\re\workspace\8-2-build-windows-amd64-cygwin\jdk8u121\8372\hotspot\src\share\vm\prims\jvm.cpp, line 1390]
Event: 0.814 Thread 0x00000000022d0800 Exception <a 'java/security/PrivilegedActionException'> (0x00000000eb6120c0) thrown at [C:\re\workspace\8-2-build-windows-amd64-cygwin\jdk8u121\8372\hotspot\src\share\vm\prims\jvm.cpp, line 1390]
Event: 0.817 Thread 0x00000000022d0800 Exception <a 'java/security/PrivilegedActionException'> (0x00000000eb615fd0) thrown at [C:\re\workspace\8-2-build-windows-amd64-cygwin\jdk8u121\8372\hotspot\src\share\vm\prims\jvm.cpp, line 1390]
Event: 0.817 Thread 0x00000000022d0800 Exception <a 'java/security/PrivilegedActionException'> (0x00000000eb6161e0) thrown at [C:\re\workspace\8-2-build-windows-amd64-cygwin\jdk8u121\8372\hotspot\src\share\vm\prims\jvm.cpp, line 1390]
Event: 0.858 Thread 0x00000000022d0800 Exception <a 'java/io/FileNotFoundException'> (0x00000000eb6186b0) thrown at [C:\re\workspace\8-2-build-windows-amd64-cygwin\jdk8u121\8372\hotspot\src\share\vm\prims\jni.cpp, line 709]
Event: 0.969 Thread 0x00000000022d0800 Exception <a 'java/lang/NoSuchFieldError': method resolution failed> (0x00000000eb735120) thrown at [C:\re\workspace\8-2-build-windows-amd64-cygwin\jdk8u121\8372\hotspot\src\share\vm\prims\methodHandles.cpp, line 1146]
Event: 0.972 Thread 0x00000000022d0800 Exception <a 'java/lang/NoSuchFieldError': method resolution failed> (0x00000000eb7424f0) thrown at [C:\re\workspace\8-2-build-windows-amd64-cygwin\jdk8u121\8372\hotspot\src\share\vm\prims\methodHandles.cpp, line 1146]
Event: 1.114 Thread 0x00000000022d0800 Exception <a 'java/io/FileNotFoundException'> (0x00000000eb7d6358) thrown at [C:\re\workspace\8-2-build-windows-amd64-cygwin\jdk8u121\8372\hotspot\src\share\vm\prims\jni.cpp, line 709]

Events (10 events):
Event: 13.196 loading class javax/swing/JInternalFrame
Event: 13.272 loading class javax/swing/JInternalFrame done
Event: 13.272 loading class javax/swing/KeyboardManager
Event: 13.290 loading class javax/swing/KeyboardManager done
Event: 13.291 loading class javax/swing/Popup$HeavyWeightWindow
Event: 13.340 loading class sun/awt/ModalExclude
Event: 13.340 loading class sun/awt/ModalExclude done
Event: 13.340 loading class javax/swing/JWindow
Event: 13.415 loading class javax/swing/JWindow done
Event: 13.415 loading class javax/swing/Popup$HeavyWeightWindow done


Dynamic libraries:
0x00007ff78c7d0000 - 0x00007ff78c807000 	C:\Program Files\Java\jdk1.8.0_121\bin\java.exe
0x00007fff2bc80000 - 0x00007fff2be42000 	C:\WINDOWS\SYSTEM32\ntdll.dll
0x00007fff29790000 - 0x00007fff2983d000 	C:\WINDOWS\system32\KERNEL32.DLL
0x00007fff11f50000 - 0x00007fff11f62000 	C:\Program Files\AVAST Software\Avast\aswhook.dll
0x00007fff29170000 - 0x00007fff2934d000 	C:\WINDOWS\system32\KERNELBASE.dll
0x00007fff2b6e0000 - 0x00007fff2b786000 	C:\WINDOWS\system32\ADVAPI32.dll
0x00007fff2bb80000 - 0x00007fff2bc1d000 	C:\WINDOWS\system32\msvcrt.dll
0x00007fff2b4d0000 - 0x00007fff2b52b000 	C:\WINDOWS\system32\sechost.dll
0x00007fff29950000 - 0x00007fff29a76000 	C:\WINDOWS\system32\RPCRT4.dll
0x00007fff29a80000 - 0x00007fff29bce000 	C:\WINDOWS\system32\USER32.dll
0x00007fff29350000 - 0x00007fff294d5000 	C:\WINDOWS\system32\GDI32.dll
0x00007fff1ce90000 - 0x00007fff1d104000 	C:\WINDOWS\WinSxS\amd64_microsoft.windows.common-controls_6595b64144ccf1df_6.0.10240.16384_none_f41f7b285750ef43\COMCTL32.dll
0x00007fff2b490000 - 0x00007fff2b4c6000 	C:\WINDOWS\system32\IMM32.DLL
0x00007fff29540000 - 0x00007fff2969c000 	C:\WINDOWS\system32\MSCTF.dll
0x000000006de40000 - 0x000000006df12000 	C:\Program Files\Java\jdk1.8.0_121\jre\bin\msvcr100.dll
0x000000006df20000 - 0x000000006e7bb000 	C:\Program Files\Java\jdk1.8.0_121\jre\bin\server\jvm.dll
0x00007fff2b790000 - 0x00007fff2b798000 	C:\WINDOWS\system32\PSAPI.DLL
0x00007fff1ebc0000 - 0x00007fff1ebc9000 	C:\WINDOWS\SYSTEM32\WSOCK32.dll
0x00007fff29bd0000 - 0x00007fff29c39000 	C:\WINDOWS\system32\WS2_32.dll
0x00007fff2bb70000 - 0x00007fff2bb78000 	C:\WINDOWS\system32\NSI.dll
0x00007fff1c740000 - 0x00007fff1c763000 	C:\WINDOWS\SYSTEM32\WINMM.dll
0x00007fff22a00000 - 0x00007fff22a0a000 	C:\WINDOWS\SYSTEM32\VERSION.dll
0x00007fff1c710000 - 0x00007fff1c73c000 	C:\WINDOWS\SYSTEM32\WINMMBASE.dll
0x00007fff28800000 - 0x00007fff28844000 	C:\WINDOWS\system32\cfgmgr32.dll
0x00007fff27020000 - 0x00007fff27047000 	C:\WINDOWS\SYSTEM32\DEVOBJ.dll
0x000000006ddf0000 - 0x000000006ddff000 	C:\Program Files\Java\jdk1.8.0_121\jre\bin\verify.dll
0x000000006ddc0000 - 0x000000006dde9000 	C:\Program Files\Java\jdk1.8.0_121\jre\bin\java.dll
0x000000006dda0000 - 0x000000006ddb6000 	C:\Program Files\Java\jdk1.8.0_121\jre\bin\zip.dll
0x00007fff29f60000 - 0x00007fff2b485000 	C:\WINDOWS\system32\SHELL32.dll
0x00007fff28b40000 - 0x00007fff29168000 	C:\WINDOWS\system32\windows.storage.dll
0x00007fff2b8f0000 - 0x00007fff2bb6c000 	C:\WINDOWS\system32\combase.dll
0x00007fff2bc20000 - 0x00007fff2bc71000 	C:\WINDOWS\system32\shlwapi.dll
0x00007fff28700000 - 0x00007fff2870f000 	C:\WINDOWS\system32\kernel.appcore.dll
0x00007fff28a20000 - 0x00007fff28ad3000 	C:\WINDOWS\system32\shcore.dll
0x00007fff286b0000 - 0x00007fff286fa000 	C:\WINDOWS\system32\powrprof.dll
0x00007fff28710000 - 0x00007fff28723000 	C:\WINDOWS\system32\profapi.dll
0x000000006dbc0000 - 0x000000006dd58000 	C:\Program Files\Java\jdk1.8.0_121\jre\bin\awt.dll
0x00007fff29c40000 - 0x00007fff29cfe000 	C:\WINDOWS\system32\OLEAUT32.dll
0x00007fff26e00000 - 0x00007fff26e78000 	C:\WINDOWS\system32\apphelp.dll
0x00007fff261d0000 - 0x00007fff261f2000 	C:\WINDOWS\system32\DWMAPI.DLL
0x00007fff26f80000 - 0x00007fff27016000 	C:\WINDOWS\system32\uxtheme.dll
0x00007fff16dd0000 - 0x00007fff16ef8000 	C:\WINDOWS\system32\opengl32.dll
0x00007fff173b0000 - 0x00007fff173de000 	C:\WINDOWS\SYSTEM32\GLU32.dll
0x00007fff16bf0000 - 0x00007fff16ce6000 	C:\WINDOWS\SYSTEM32\DDRAW.dll
0x00007fff173a0000 - 0x00007fff173a8000 	C:\WINDOWS\SYSTEM32\DCIMAN32.dll
0x00007fff2b7a0000 - 0x00007fff2b8e1000 	C:\WINDOWS\system32\ole32.dll
0x00007fff284d0000 - 0x00007fff2853b000 	C:\WINDOWS\SYSTEM32\bcryptPrimitives.dll
0x000000006db70000 - 0x000000006dbb7000 	C:\Program Files\Java\jdk1.8.0_121\jre\bin\fontmanager.dll
0x000000006dd80000 - 0x000000006dd9a000 	C:\Program Files\Java\jdk1.8.0_121\jre\bin\net.dll
0x00007fff27f20000 - 0x00007fff27f7d000 	C:\WINDOWS\system32\mswsock.dll
0x000000006dd60000 - 0x000000006dd71000 	C:\Program Files\Java\jdk1.8.0_121\jre\bin\nio.dll
0x000000006db20000 - 0x000000006db62000 	C:\Program Files\Java\jdk1.8.0_121\jre\bin\t2k.dll

VM Arguments:
jvm_args: -Dfile.encoding=UTF-8 
java_command: MainClass
java_class_path (initial): C:\Users\SUNGU\Desktop\mysql-connector-java-8.0.27\mysql-connector-java-8.0.27.jar;C:\Users\SUNGU\Documents\NetBeansProjects\TshimologongAlfa\build\classes
Launcher Type: SUN_STANDARD

Environment Variables:
PATH=C:\Program Files\Java\jdk1.8.0_121\bin;C:\Program Files\Java\jdk-14.0.1\bin
USERNAME=SUNGU
OS=Windows_NT
PROCESSOR_IDENTIFIER=Intel64 Family 6 Model 142 Stepping 9, GenuineIntel



---------------  S Y S T E M  ---------------

OS: Windows 10.0 , 64 bit Build 10240 (10.0.10240.16384)

CPU:total 4 (2 cores per cpu, 2 threads per core) family 6 model 142 stepping 9, cmov, cx8, fxsr, mmx, sse, sse2, sse3, ssse3, sse4.1, sse4.2, popcnt, avx, avx2, aes, clmul, erms, 3dnowpref, lzcnt, ht, tsc, tscinvbit, bmi1, bmi2, adx

Memory: 4k page, physical 4056968k(450800k free), swap 16639880k(3932k free)

vm_info: Java HotSpot(TM) 64-Bit Server VM (25.121-b13) for windows-amd64 JRE (1.8.0_121-b13), built on Dec 12 2016 18:21:36 by "java_re" with MS VC++ 10.0 (VS2010)

time: Sat Nov 13 10:16:23 2021
elapsed time: 18 seconds (0d 0h 0m 18s)

